=== Key Schedule ===
P[0] = 608135816 XOR 1299796837 → 1766210029
P[1] = 2242054355 XOR 1668441460 → 3872484775
P[2] = 320440878 XOR 1299796837 → 1583405387
P[3] = 57701188 XOR 1668441460 → 1610749488
P[4] = 2752067618 XOR 1299796837 → 3916458823
P[5] = 698298832 XOR 1668441460 → 1257067684
P[6] = 137296536 XOR 1299796837 → 1163373053
P[7] = 3964562569 XOR 1668441460 → 2403076605
P[8] = 1160258022 XOR 1299796837 → 139555459
P[9] = 953160567 XOR 1668441460 → 1537373699
P[10] = 3193202383 XOR 1299796837 → 4079826346
P[11] = 887688300 XOR 1668441460 → 1469802776
P[12] = 3232508343 XOR 1299796837 → 2379578066
P[13] = 3380367581 XOR 1668441460 → 2853057961
P[14] = 1065670069 XOR 1299796837 → 1929217744
P[15] = 3041331479 XOR 1668441460 → 3593825379
P[16] = 2450970073 XOR 1299796837 → 3748628156
P[17] = 2306472731 XOR 1668441460 → 3926629999
S[0][0]   : 3509652390 → 141828325
S[0][1]: 2564797868 → 1887985301
S[0][2]   : 805139163 → 3546521262
S[0][3]: 3491422135 → 1674060696
S[0][4]   : 3101798381 → 1088988329
S[0][5]: 1780907670 → 688091516
S[0][6]   : 3128725573 → 313744468
S[0][7]: 4046225305 → 4196144705
S[0][8]   : 614570311 → 1110027696
S[0][9]: 3012652279 → 480980640
S[0][10]   : 134345442 → 537461147
S[0][11]: 2240740374 → 105168455
S[0][12]   : 1667834072 → 2673448510
S[0][13]: 1901547113 → 885013313
S[0][14]   : 2757295779 → 2351268071
S[0][15]: 4103290238 → 3617516750
S[0][16]   : 227898511 → 3374176525
S[0][17]: 1921955416 → 1968029736
S[0][18]   : 1904987480 → 3105951402
S[0][19]: 2182433518 → 15295086
S[0][20]   : 2069144605 → 4023900973
S[0][21]: 3260701109 → 3458623305
S[0][22]   : 2620446009 → 912360391
S[0][23]: 720527379 → 405025436
S[0][24]   : 3318853667 → 731744065
S[0][25]: 677414384 → 2506747008
S[0][26]   : 3393288472 → 1097062502
S[0][27]: 3101374703 → 1034746351
S[0][28]   : 2390351024 → 685171409
S[0][29]: 1614419982 → 3753043122
S[0][30]   : 1822297739 → 189750736
S[0][31]: 2954791486 → 1014861822
S[0][32]   : 3608508353 → 1758232405
S[0][33]: 3174124327 → 4194761895
S[0][34]   : 2024746970 → 429982806
S[0][35]: 1432378464 → 1619525144
S[0][36]   : 3864339955 → 733816835
S[0][37]: 2857741204 → 24477345
S[0][38]   : 1464375394 → 3085063017
S[0][39]: 1676153920 → 2006585316
S[0][40]   : 1439316330 → 1794449037
S[0][41]: 715854006 → 1331313383
S[0][42]   : 3033291828 → 1407210321
S[0][43]: 289532110 → 3397020124
S[0][44]   : 2706671279 → 3190614673
S[0][45]: 2087905683 → 3778696281
S[0][46]   : 3018724369 → 3493994641
S[0][47]: 1668267050 → 2462376173
S[0][48]   : 732546397 → 2946843129
S[0][49]: 1947742710 → 531974450
S[0][50]   : 3462151702 → 1671289068
S[0][51]: 2609353502 → 3170586295
S[0][52]   : 2950085171 → 3844586533
S[0][53]: 1814351708 → 3402098866
S[0][54]   : 2050118529 → 4256187257
S[0][55]: 680887927 → 1489559817
S[0][56]   : 999245976 → 686922818
S[0][57]: 1800124847 → 2689449930
S[0][58]   : 3300911131 → 2266269443
S[0][59]: 1713906067 → 1566591938
S[0][60]   : 1641548236 → 1292892309
S[0][61]: 4213287313 → 3360876348
S[0][62]   : 1216130144 → 3168633688
S[0][63]: 1575780402 → 2731446903
S[0][64]   : 4018429277 → 902469729
S[0][65]: 3917837745 → 4269924061
S[0][66]   : 3693486850 → 267231328
S[0][67]: 3949271944 → 1498685780
S[0][68]   : 596196993 → 3886517346
S[0][69]: 3549867205 → 2181577259
S[0][70]   : 258830323 → 3618655821
S[0][71]: 2213823033 → 3683780673
S[0][72]   : 772490370 → 3819883933
S[0][73]: 2760122372 → 900925361
S[0][74]   : 1774776394 → 3551714702
S[0][75]: 2652871518 → 3452640662
S[0][76]   : 566650946 → 691132815
S[0][77]: 4142492826 → 3361103153
S[0][78]   : 1728879713 → 4002071134
S[0][79]: 2882767088 → 4110823181
S[0][80]   : 1783734482 → 521844821
S[0][81]: 3629395816 → 392494295
S[0][82]   : 2517608232 → 1390117565
S[0][83]: 2874225571 → 3014380082
S[0][84]   : 1861159788 → 1327430669
S[0][85]: 326777828 → 3462540996
S[0][86]   : 3124490320 → 2995844202
S[0][87]: 2130389656 → 411219659
S[0][88]   : 2716951837 → 1506078350
S[0][89]: 967770486 → 3307323764
S[0][90]   : 1724537150 → 864693408
S[0][91]: 2185432712 → 3865178331
S[0][92]   : 2364442137 → 1495847486
S[0][93]: 1164943284 → 1380425784
S[0][94]   : 2105845187 → 1595567749
S[0][95]: 998989502 → 1589592262
S[0][96]   : 3765401048 → 761001485
S[0][97]: 2244026483 → 899545593
S[0][98]   : 1075463327 → 4247642835
S[0][99]: 1455516326 → 2464560869
S[0][100]   : 1322494562 → 1845403226
S[0][101]: 910128902 → 2982490974
S[0][102]   : 469688178 → 3039107084
S[0][103]: 1117454909 → 197027958
S[0][104]   : 936433444 → 3556741226
S[0][105]: 3490320968 → 3218153360
S[0][106]   : 3675253459 → 546543061
S[0][107]: 1240580251 → 4267859761
S[0][108]   : 122909385 → 1763728223
S[0][109]: 2157517691 → 3136513544
S[0][110]   : 634681816 → 1967033991
S[0][111]: 4142456567 → 3184615372
S[0][112]   : 3825094682 → 3750062701
S[0][113]: 3061402683 → 532251107
S[0][114]   : 2540495037 → 2995000381
S[0][115]: 79693498 → 934247237
S[0][116]   : 3249098678 → 3087123282
S[0][117]: 1084186820 → 3038500336
S[0][118]   : 1583128258 → 2536304745
S[0][119]: 426386531 → 346662470
S[0][120]   : 1761308591 → 4222335799
S[0][121]: 1047286709 → 3113301661
S[0][122]   : 322548459 → 2977102600
S[0][123]: 995290223 → 2081609905
S[0][124]   : 1845252383 → 1119422092
S[0][125]: 2603652396 → 2303337756
S[0][126]   : 3431023940 → 2305513575
S[0][127]: 2942221577 → 3165739545
S[0][128]   : 3202600964 → 3837728724
S[0][129]: 3727903485 → 1201916018
S[0][130]   : 1712269319 → 3114730539
S[0][131]: 422464435 → 2667724233
S[0][132]   : 3234572375 → 393484396
S[0][133]: 1170764815 → 183572928
S[0][134]   : 3523960633 → 3269285714
S[0][135]: 3117677531 → 2811639376
S[0][136]   : 1434042557 → 2428324817
S[0][137]: 442511882 → 3372619089
S[0][138]   : 3600875718 → 2534559724
S[0][139]: 1076654713 → 3635192317
S[0][140]   : 1738483198 → 871259219
S[0][141]: 4213154764 → 2911255478
S[0][142]   : 2393238008 → 4268543679
S[0][143]: 3677496056 → 1453207905
S[0][144]   : 1014306527 → 3003246910
S[0][145]: 4251020053 → 1588326939
S[0][146]   : 793779912 → 450527394
S[0][147]: 2902807211 → 3228693300
S[0][148]   : 842905082 → 3912935349
S[0][149]: 4246964064 → 954974579
S[0][150]   : 1395751752 → 1307308620
S[0][151]: 1040244610 → 1079757376
S[0][152]   : 2656851899 → 822223656
S[0][153]: 3396308128 → 422562927
S[0][154]   : 445077038 → 1905443600
S[0][155]: 3742853595 → 221953960
S[0][156]   : 3577915638 → 3685182593
S[0][157]: 679411651 → 2155009550
S[0][158]   : 2892444358 → 1764436433
S[0][159]: 2354009459 → 3305071929
S[0][160]   : 1767581616 → 113608401
S[0][161]: 3150600392 → 157186086
S[0][162]   : 3791627101 → 2913329945
S[0][163]: 3102740896 → 2978781553
S[0][164]   : 284835224 → 921423305
S[0][165]: 4246832056 → 3382315764
S[0][166]   : 1258075500 → 1829444854
S[0][167]: 768725851 → 2439859091
S[0][168]   : 2589189241 → 1599413499
S[0][169]: 3069724005 → 2857231679
S[0][170]   : 3532540348 → 2901684509
S[0][171]: 1274779536 → 3980029345
S[0][172]   : 3789419226 → 759088717
S[0][173]: 2764799539 → 3694123930
S[0][174]   : 1660621633 → 4150477830
S[0][175]: 3471099624 → 4085187631
S[0][176]   : 4011903706 → 3155832473
S[0][177]: 913787905 → 1901156744
S[0][178]   : 3497959166 → 266898746
S[0][179]: 737222580 → 2940759498
S[0][180]   : 2514213453 → 183058731
S[0][181]: 2928710040 → 4294806220
S[0][182]   : 3937242737 → 3282307829
S[0][183]: 1804850592 → 873963242
S[0][184]   : 3499020752 → 834646662
S[0][185]: 2949064160 → 2342766173
S[0][186]   : 2386320175 → 4231044280
S[0][187]: 2390070455 → 1456642313
S[0][188]   : 2415321851 → 1634458705
S[0][189]: 4061277028 → 19971494
S[0][190]   : 2290661394 → 256162419
S[0][191]: 2416832540 → 2322880449
S[0][192]   : 1336762016 → 2972556975
S[0][193]: 1754252060 → 3385772331
S[0][194]   : 3520065937 → 1768242781
S[0][195]: 3014181293 → 1197299704
S[0][196]   : 791618072 → 4244707990
S[0][197]: 3188594551 → 2012496426
S[0][198]   : 3933548030 → 4031154117
S[0][199]: 2332172193 → 3497196113
S[0][200]   : 3852520463 → 2735356186
S[0][201]: 3043980520 → 236525614
S[0][202]   : 413987798 → 1671257001
S[0][203]: 3465142937 → 1623610947
S[0][204]   : 3030929376 → 4140612216
S[0][205]: 4245938359 → 2972484654
S[0][206]   : 2093235073 → 2432017208
S[0][207]: 3534596313 → 2647996573
S[0][208]   : 375366246 → 2356359097
S[0][209]: 2157278981 → 3733977854
S[0][210]   : 2479649556 → 1028593764
S[0][211]: 555357303 → 3641385181
S[0][212]   : 3870105701 → 1548008184
S[0][213]: 2008414854 → 2790205924
S[0][214]   : 3344188149 → 3822961404
S[0][215]: 4221384143 → 1454381308
S[0][216]   : 3956125452 → 2791554601
S[0][217]: 2067696032 → 4275731152
S[0][218]   : 3594591187 → 370547987
S[0][219]: 2921233993 → 4241574737
S[0][220]   : 2428461 → 2130471449
S[0][221]: 544322398 → 3431767501
S[0][222]   : 577241275 → 2398046432
S[0][223]: 1471733935 → 1734443425
S[0][224]   : 610547355 → 4261547389
S[0][225]: 4027169054 → 3201109870
S[0][226]   : 1432588573 → 2485959053
S[0][227]: 1507829418 → 4161078817
S[0][228]   : 2025931657 → 2784213879
S[0][229]: 3646575487 → 1264205666
S[0][230]   : 545086370 → 570831258
S[0][231]: 48609733 → 464715178
S[0][232]   : 2200306550 → 1759210525
S[0][233]: 1653985193 → 1147833968
S[0][234]   : 298326376 → 1376568169
S[0][235]: 1316178497 → 541020350
S[0][236]   : 3007786442 → 1724496900
S[0][237]: 2064951626 → 3929945723
S[0][238]   : 458293330 → 879004704
S[0][239]: 2589141269 → 1388094893
S[0][240]   : 3591329599 → 2367459487
S[0][241]: 3164325604 → 902589847
S[0][242]   : 727753846 → 3910252515
S[0][243]: 2179363840 → 1915495390
S[0][244]   : 146436021 → 1183161688
S[0][245]: 1461446943 → 3191943642
S[0][246]   : 4069977195 → 809611389
S[0][247]: 705550613 → 2942700860
S[0][248]   : 3059967265 → 1859145531
S[0][249]: 3887724982 → 2216142129
S[0][250]   : 4281599278 → 1894736917
S[0][251]: 3313849956 → 3840758709
S[0][252]   : 1404054877 → 1147171795
S[0][253]: 2845806497 → 1846677709
S[0][254]   : 146425753 → 3539508011
S[0][255]: 1854211946 → 1381783152
S[1][0]   : 1266315497 → 904782202
S[1][1]: 3048417604 → 1447215392
S[1][2]   : 3681880366 → 3191610777
S[1][3]: 3289982499 → 18154644
S[1][4]   : 2909710000 → 274385535
S[1][5]: 1235738493 → 4285313134
S[1][6]   : 2632868024 → 1433323888
S[1][7]: 2414719590 → 278567222
S[1][8]   : 3970600049 → 3018137635
S[1][9]: 1771706367 → 19713420
S[1][10]   : 1449415276 → 992130908
S[1][11]: 3266420449 → 4089694019
S[1][12]   : 422970021 → 2689168157
S[1][13]: 1963543593 → 4239941644
S[1][14]   : 2690192192 → 3259144116
S[1][15]: 3826793022 → 462290097
S[1][16]   : 1062508698 → 3529173816
S[1][17]: 1531092325 → 3286531049
S[1][18]   : 1804592342 → 2244903838
S[1][19]: 2583117782 → 3727307020
S[1][20]   : 2714934279 → 3926359430
S[1][21]: 4024971509 → 1753175508
S[1][22]   : 1294809318 → 1241298128
S[1][23]: 4028980673 → 3055910458
S[1][24]   : 1289560198 → 1459969258
S[1][25]: 2221992742 → 1825817332
S[1][26]   : 1669523910 → 2237332995
S[1][27]: 35572830 → 1225296171
S[1][28]   : 157838143 → 3968989430
S[1][29]: 1052438473 → 471022769
S[1][30]   : 1016535060 → 1470786381
S[1][31]: 1802137761 → 2493541165
S[1][32]   : 1753167236 → 3752834276
S[1][33]: 1386275462 → 4178300465
S[1][34]   : 3080475397 → 4237002647
S[1][35]: 2857371447 → 2156551495
S[1][36]   : 1040679964 → 3556905465
S[1][37]: 2145300060 → 3874634710
S[1][38]   : 2390574316 → 976299366
S[1][39]: 1461121720 → 4025005795
S[1][40]   : 2956646967 → 4145213330
S[1][41]: 4031777805 → 850137669
S[1][42]   : 4028374788 → 1912788308
S[1][43]: 33600511 → 50511565
S[1][44]   : 2920084762 → 3479052321
S[1][45]: 1018524850 → 4022267766
S[1][46]   : 629373528 → 3612831607
S[1][47]: 3691585981 → 1086862424
S[1][48]   : 3515945977 → 4169282887
S[1][49]: 2091462646 → 2421808621
S[1][50]   : 2486323059 → 1200845410
S[1][51]: 586499841 → 3386195258
S[1][52]   : 988145025 → 1978534125
S[1][53]: 935516892 → 326270521
S[1][54]   : 3367335476 → 3280475421
S[1][55]: 2599673255 → 1041608195
S[1][56]   : 2839830854 → 1279553148
S[1][57]: 265290510 → 2042935452
S[1][58]   : 3972581182 → 929190155
S[1][59]: 2759138881 → 1159993662
S[1][60]   : 3795373465 → 2550165485
S[1][61]: 1005194799 → 1058203195
S[1][62]   : 847297441 → 1967097936
S[1][63]: 406762289 → 3644131030
S[1][64]   : 1314163512 → 1796856670
S[1][65]: 1332590856 → 3863981812
S[1][66]   : 1866599683 → 597112291
S[1][67]: 4127851711 → 1146426741
S[1][68]   : 750260880 → 4276906425
S[1][69]: 613907577 → 3680051068
S[1][70]   : 1450815602 → 1047634600
S[1][71]: 3165620655 → 2772742964
S[1][72]   : 3734664991 → 3527961825
S[1][73]: 3650291728 → 2961851314
S[1][74]   : 3012275730 → 1673956896
S[1][75]: 3704569646 → 2348909767
S[1][76]   : 1427272223 → 1944341198
S[1][77]: 778793252 → 171475303
S[1][78]   : 1343938022 → 1939172719
S[1][79]: 2676280711 → 4057998380
S[1][80]   : 2052605720 → 3733040945
S[1][81]: 1946737175 → 3356171046
S[1][82]   : 3164576444 → 764432868
S[1][83]: 3914038668 → 1156915530
S[1][84]   : 3967478842 → 1662344428
S[1][85]: 3682934266 → 3777259776
S[1][86]   : 1661551462 → 358109112
S[1][87]: 3294938066 → 810093991
S[1][88]   : 4011595847 → 1824615578
S[1][89]: 840292616 → 1409853495
S[1][90]   : 3712170807 → 3209164062
S[1][91]: 616741398 → 3719058160
S[1][92]   : 312560963 → 325344570
S[1][93]: 711312465 → 628079876
S[1][94]   : 1351876610 → 3807926708
S[1][95]: 322626781 → 1374119781
S[1][96]   : 1910503582 → 1558200465
S[1][97]: 271666773 → 3289988726
S[1][98]   : 2175563734 → 2227002040
S[1][99]: 1594956187 → 2722142588
S[1][100]   : 70604529 → 3382570591
S[1][101]: 3617834859 → 2916091208
S[1][102]   : 1007753275 → 4250316776
S[1][103]: 1495573769 → 111333020
S[1][104]   : 4069517037 → 1803597339
S[1][105]: 2549218298 → 1961555742
S[1][106]   : 2663038764 → 333858919
S[1][107]: 504708206 → 4084018646
S[1][108]   : 2263041392 → 4169830127
S[1][109]: 3941167025 → 2896573108
S[1][110]   : 2249088522 → 3450199645
S[1][111]: 1514023603 → 611621526
S[1][112]   : 1998579484 → 3476658839
S[1][113]: 1312622330 → 1176761988
S[1][114]   : 694541497 → 211254530
S[1][115]: 2582060303 → 3064153432
S[1][116]   : 2151582166 → 2001744704
S[1][117]: 1382467621 → 2446036311
S[1][118]   : 776784248 → 1997159029
S[1][119]: 2618340202 → 3737034415
S[1][120]   : 3323268794 → 551470865
S[1][121]: 2497899128 → 1881898992
S[1][122]   : 2784771155 → 498647320
S[1][123]: 503983604 → 299012607
S[1][124]   : 4076293799 → 3942616077
S[1][125]: 907881277 → 709623450
S[1][126]   : 423175695 → 3987681721
S[1][127]: 432175456 → 2333622105
S[1][128]   : 1378068232 → 3365029497
S[1][129]: 4145222326 → 3998850719
S[1][130]   : 3954048622 → 1543092719
S[1][131]: 3938656102 → 4228200846
S[1][132]   : 3820766613 → 3557928999
S[1][133]: 2793130115 → 3117155730
S[1][134]   : 2977904593 → 228132346
S[1][135]: 26017576 → 571751025
S[1][136]   : 3274890735 → 2135494116
S[1][137]: 3194772133 → 974570017
S[1][138]   : 1700274565 → 2768276252
S[1][139]: 1756076034 → 1929888934
S[1][140]   : 4006520079 → 1329058621
S[1][141]: 3677328699 → 4246788044
S[1][142]   : 720338349 → 1910188923
S[1][143]: 1533947780 → 220615841
S[1][144]   : 354530856 → 3184783737
S[1][145]: 688349552 → 3003962981
S[1][146]   : 3973924725 → 606745550
S[1][147]: 1637815568 → 3881899629
S[1][148]   : 332179504 → 3149134677
S[1][149]: 3949051286 → 1400331346
S[1][150]   : 53804574 → 2192829134
S[1][151]: 2852348879 → 2658338769
S[1][152]   : 3044236432 → 1026707716
S[1][153]: 1282449977 → 2404477959
S[1][154]   : 3583942155 → 2160728011
S[1][155]: 3416972820 → 477853296
S[1][156]   : 4006381244 → 3973347306
S[1][157]: 1617046695 → 403499338
S[1][158]   : 2628476075 → 1586600239
S[1][159]: 3002303598 → 2538204976
S[1][160]   : 1686838959 → 3493410367
S[1][161]: 431878346 → 1973376366
S[1][162]   : 2686675385 → 3406125374
S[1][163]: 1700445008 → 2528798431
S[1][164]   : 1080580658 → 3829986941
S[1][165]: 1009431731 → 2471364624
S[1][166]   : 832498133 → 3345712820
S[1][167]: 3223435511 → 672288759
S[1][168]   : 2605976345 → 1121156612
S[1][169]: 2271191193 → 1263094995
S[1][170]   : 2516031870 → 2793281402
S[1][171]: 1648197032 → 1978983487
S[1][172]   : 4164389018 → 1064011562
S[1][173]: 2548247927 → 333812236
S[1][174]   : 300782431 → 1541141007
S[1][175]: 375919233 → 2592841592
S[1][176]   : 238389289 → 3231348951
S[1][177]: 3353747414 → 1360415822
S[1][178]   : 2531188641 → 3533209137
S[1][179]: 2019080857 → 3290973365
S[1][180]   : 1475708069 → 2483888651
S[1][181]: 455242339 → 2004006721
S[1][182]   : 2609103871 → 1531668194
S[1][183]: 448939670 → 1829851451
S[1][184]   : 3451063019 → 2443514482
S[1][185]: 1395535956 → 1724656880
S[1][186]   : 2413381860 → 2663394181
S[1][187]: 1841049896 → 3893969739
S[1][188]   : 1491858159 → 214946221
S[1][189]: 885456874 → 877149907
S[1][190]   : 4264095073 → 842477460
S[1][191]: 4001119347 → 494831267
S[1][192]   : 1565136089 → 2034917309
S[1][193]: 3898914787 → 3556434654
S[1][194]   : 1108368660 → 749625451
S[1][195]: 540939232 → 1924778862
S[1][196]   : 1173283510 → 2138884214
S[1][197]: 2745871338 → 34064992
S[1][198]   : 3681308437 → 1464845046
S[1][199]: 4207628240 → 4214912094
S[1][200]   : 3343053890 → 1962318807
S[1][201]: 4016749493 → 405607703
S[1][202]   : 1699691293 → 335607070
S[1][203]: 1103962373 → 3050080172
S[1][204]   : 3625875870 → 2286903664
S[1][205]: 2256883143 → 848657511
S[1][206]   : 3830138730 → 2072890307
S[1][207]: 1031889488 → 1343637670
S[1][208]   : 3479347698 → 1688134197
S[1][209]: 1535977030 → 1600160149
S[1][210]   : 4236805024 → 4231349675
S[1][211]: 3251091107 → 3087977532
S[1][212]   : 2132092099 → 2135302029
S[1][213]: 1774941330 → 2429572073
S[1][214]   : 1199868427 → 3189513008
S[1][215]: 1452454533 → 4049148185
S[1][216]   : 157007616 → 201507081
S[1][217]: 2904115357 → 3365017445
S[1][218]   : 342012276 → 1171876044
S[1][219]: 595725824 → 1253989821
S[1][220]   : 1480756522 → 2876717690
S[1][221]: 206960106 → 1037329668
S[1][222]   : 497939518 → 1065482807
S[1][223]: 591360097 → 1513924293
S[1][224]   : 863170706 → 1534141932
S[1][225]: 2375253569 → 1979603288
S[1][226]   : 3596610801 → 3414582311
S[1][227]: 1814182875 → 3864154278
S[1][228]   : 2094937945 → 879154907
S[1][229]: 3421402208 → 3815647049
S[1][230]   : 1082520231 → 2328189144
S[1][231]: 3463918190 → 2063331702
S[1][232]   : 2785509508 → 1002897324
S[1][233]: 435703966 → 403001099
S[1][234]   : 3908032597 → 2583176793
S[1][235]: 1641649973 → 2925225909
S[1][236]   : 2842273706 → 1748308459
S[1][237]: 3305899714 → 2187459986
S[1][238]   : 1510255612 → 1023266860
S[1][239]: 2148256476 → 1413351454
S[1][240]   : 2655287854 → 848847359
S[1][241]: 3276092548 → 439752157
S[1][242]   : 4258621189 → 2673436191
S[1][243]: 236887753 → 531999908
S[1][244]   : 3681803219 → 505116743
S[1][245]: 274041037 → 198635310
S[1][246]   : 1734335097 → 3174889928
S[1][247]: 3815195456 → 1119710132
S[1][248]   : 3317970021 → 3961454759
S[1][249]: 1899903192 → 3998113201
S[1][250]   : 1026095262 → 2598904787
S[1][251]: 4050517792 → 1567418055
S[1][252]   : 356393447 → 3508121256
S[1][253]: 2410691914 → 4093715967
S[1][254]   : 3873677099 → 775318604
S[1][255]: 3682840055 → 2220895563
S[2][0]   : 3913112168 → 3151398541
S[2][1]: 2491498743 → 4213297053
S[2][2]   : 4132185628 → 3289941489
S[2][3]: 2489919796 → 3123780403
S[2][4]   : 1091903735 → 412898039
S[2][5]: 1979897079 → 2707524481
S[2][6]   : 3170134830 → 2175405713
S[2][7]: 3567386728 → 3805747689
S[2][8]   : 3557303409 → 1714548143
S[2][9]: 857797738 → 1718192948
S[2][10]   : 1136121015 → 382281345
S[2][11]: 1342202287 → 3564768139
S[2][12]   : 507115054 → 4279746473
S[2][13]: 2535736646 → 25262441
S[2][14]   : 337727348 → 2220293223
S[2][15]: 3213592640 → 827769038
S[2][16]   : 1301675037 → 127328253
S[2][17]: 2528481711 → 2495205293
S[2][18]   : 1895095763 → 383068648
S[2][19]: 1721773893 → 1068002819
S[2][20]   : 3216771564 → 3727996615
S[2][21]: 62756741 → 3636654553
S[2][22]   : 2142006736 → 3451686598
S[2][23]: 835421444 → 2206810309
S[2][24]   : 2531993523 → 4056856684
S[2][25]: 1442658625 → 3319192520
S[2][26]   : 3659876326 → 2992091983
S[2][27]: 2882144922 → 1110415662
S[2][28]   : 676362277 → 383676020
S[2][29]: 1392781812 → 864189571
S[2][30]   : 170690266 → 458791989
S[2][31]: 3921047035 → 1693971671
S[2][32]   : 1759253602 → 4280310459
S[2][33]: 3611846912 → 3454477767
S[2][34]   : 1745797284 → 3419771591
S[2][35]: 664899054 → 2487665045
S[2][36]   : 1329594018 → 3240302171
S[2][37]: 3901205900 → 600803704
S[2][38]   : 3045908486 → 3903818276
S[2][39]: 2062866102 → 4256286784
S[2][40]   : 2865634940 → 337424345
S[2][41]: 3543621612 → 2766891152
S[2][42]   : 3464012697 → 2144152090
S[2][43]: 1080764994 → 2437951890
S[2][44]   : 553557557 → 2191164509
S[2][45]: 3656615353 → 1230013339
S[2][46]   : 3996768171 → 2929646889
S[2][47]: 991055499 → 2437186105
S[2][48]   : 499776247 → 1159400926
S[2][49]: 1265440854 → 3083344086
S[2][50]   : 648242737 → 3748075451
S[2][51]: 3940784050 → 2691164264
S[2][52]   : 980351604 → 1967045982
S[2][53]: 3713745714 → 593648049
S[2][54]   : 1749149687 → 964947479
S[2][55]: 3396870395 → 1052265765
S[2][56]   : 4211799374 → 149374387
S[2][57]: 3640570775 → 155448137
S[2][58]   : 1161844396 → 2737758457
S[2][59]: 3125318951 → 205576889
S[2][60]   : 1431517754 → 3806478051
S[2][61]: 545492359 → 2700448671
S[2][62]   : 4268468663 → 1337275600
S[2][63]: 3499529547 → 3869621068
S[2][64]   : 1437099964 → 1355471998
S[2][65]: 2702547544 → 3899702582
S[2][66]   : 3433638243 → 3495959901
S[2][67]: 2581715763 → 2693344564
S[2][68]   : 2787789398 → 2210280081
S[2][69]: 1060185593 → 1839230775
S[2][70]   : 1593081372 → 4060586252
S[2][71]: 2418618748 → 1645199251
S[2][72]   : 4260947970 → 454960735
S[2][73]: 69676912 → 3900649864
S[2][74]   : 2159744348 → 1191843123
S[2][75]: 86519011 → 898900323
S[2][76]   : 2512459080 → 4021075562
S[2][77]: 3838209314 → 1078662919
S[2][78]   : 1220612927 → 1292017210
S[2][79]: 3339683548 → 1771182482
S[2][80]   : 133810670 → 932030196
S[2][81]: 1090789135 → 1670179257
S[2][82]   : 1078426020 → 257872612
S[2][83]: 1569222167 → 1013609576
S[2][84]   : 845107691 → 1561212297
S[2][85]: 3583754449 → 3906549728
S[2][86]   : 4072456591 → 2468141886
S[2][87]: 1091646820 → 3881186854
S[2][88]   : 628848692 → 629623848
S[2][89]: 1613405280 → 1585459285
S[2][90]   : 3757631651 → 496537439
S[2][91]: 526609435 → 1897584278
S[2][92]   : 236106946 → 836606679
S[2][93]: 48312990 → 2363482817
S[2][94]   : 2942717905 → 3965789572
S[2][95]: 3402727701 → 2785199329
S[2][96]   : 1797494240 → 4112382733
S[2][97]: 859738849 → 3895947424
S[2][98]   : 992217954 → 62876268
S[2][99]: 4005476642 → 61601948
S[2][100]   : 2243076622 → 1050158956
S[2][101]: 3870952857 → 2287547266
S[2][102]   : 3732016268 → 3171096547
S[2][103]: 765654824 → 1408300338
S[2][104]   : 3490871365 → 2727672252
S[2][105]: 2511836413 → 3177588817
S[2][106]   : 1685915746 → 4028020779
S[2][107]: 3888969200 → 1487251938
S[2][108]   : 1414112111 → 1900735718
S[2][109]: 2273134842 → 3860168087
S[2][110]   : 3281911079 → 651452542
S[2][111]: 4080962846 → 2323155590
S[2][112]   : 172450625 → 2305456881
S[2][113]: 2569994100 → 1438613855
S[2][114]   : 980381355 → 602020563
S[2][115]: 4109958455 → 3254074646
S[2][116]   : 2819808352 → 4103343080
S[2][117]: 2716589560 → 2446868133
S[2][118]   : 2568741196 → 311794505
S[2][119]: 3681446669 → 2013420229
S[2][120]   : 3329971472 → 3833631652
S[2][121]: 1835478071 → 2500578415
S[2][122]   : 660984891 → 1710862045
S[2][123]: 3704678404 → 2401749796
S[2][124]   : 4045999559 → 2157110333
S[2][125]: 3422617507 → 1129947070
S[2][126]   : 3040415634 → 1434127022
S[2][127]: 1762651403 → 74357925
S[2][128]   : 1719377915 → 843925534
S[2][129]: 3470491036 → 1347526053
S[2][130]   : 2693910283 → 4128891281
S[2][131]: 3642056355 → 3127127378
S[2][132]   : 3138596744 → 1148791321
S[2][133]: 1364962596 → 1899963286
S[2][134]   : 2073328063 → 2600629501
S[2][135]: 1983633131 → 1298379544
S[2][136]   : 926494387 → 2270544751
S[2][137]: 3423689081 → 2091840827
S[2][138]   : 2150032023 → 2918842729
S[2][139]: 4096667949 → 1568690150
S[2][140]   : 1749200295 → 4166484733
S[2][141]: 3328846651 → 2937711337
S[2][142]   : 309677260 → 3032410360
S[2][143]: 2016342300 → 1941728089
S[2][144]   : 1779581495 → 3158593768
S[2][145]: 3079819751 → 3201480348
S[2][146]   : 111262694 → 3169563852
S[2][147]: 1274766160 → 4014033834
S[2][148]   : 443224088 → 2848496614
S[2][149]: 298511866 → 2387937706
S[2][150]   : 1025883608 → 691160786
S[2][151]: 3806446537 → 3308181928
S[2][152]   : 1145181785 → 2005308515
S[2][153]: 168956806 → 3373075512
S[2][154]   : 3641502830 → 3631066369
S[2][155]: 3584813610 → 3282309453
S[2][156]   : 1689216846 → 3133260162
S[2][157]: 3666258015 → 2212970471
S[2][158]   : 3200248200 → 948101570
S[2][159]: 1692713982 → 3504653315
S[2][160]   : 2646376535 → 3156874633
S[2][161]: 4042768518 → 3365673930
S[2][162]   : 1618508792 → 3860678691
S[2][163]: 1610833997 → 1789741258
S[2][164]   : 3523052358 → 3778588031
S[2][165]: 4130873264 → 1035773474
S[2][166]   : 2001055236 → 2032358723
S[2][167]: 3610705100 → 4178335220
S[2][168]   : 2202168115 → 1397575795
S[2][169]: 4028541809 → 3513255492
S[2][170]   : 2961195399 → 828433974
S[2][171]: 1006657119 → 3869309107
S[2][172]   : 2006996926 → 3482857310
S[2][173]: 3186142756 → 3823755767
S[2][174]   : 1430667929 → 273809350
S[2][175]: 3210227297 → 954275537
S[2][176]   : 1314452623 → 3291891916
S[2][177]: 4074634658 → 2201186475
S[2][178]   : 4101304120 → 2411465334
S[2][179]: 2273951170 → 1652618725
S[2][180]   : 1399257539 → 3907081775
S[2][181]: 3367210612 → 2673777061
S[2][182]   : 3027628629 → 3303029221
S[2][183]: 1190975929 → 2473242365
S[2][184]   : 2062231137 → 640046069
S[2][185]: 2333990788 → 3062903704
S[2][186]   : 2221543033 → 3856535445
S[2][187]: 2438960610 → 429946914
S[2][188]   : 1181637006 → 1254256346
S[2][189]: 548689776 → 3105285833
S[2][190]   : 2362791313 → 3135347780
S[2][191]: 3372408396 → 3101554256
S[2][192]   : 3104550113 → 4224988573
S[2][193]: 3145860560 → 543594715
S[2][194]   : 296247880 → 695810436
S[2][195]: 1970579870 → 2153378836
S[2][196]   : 3078560182 → 2382760306
S[2][197]: 3769228297 → 3963123219
S[2][198]   : 1714227617 → 889655102
S[2][199]: 3291629107 → 2243019980
S[2][200]   : 3898220290 → 1685196202
S[2][201]: 166772364 → 1483350081
S[2][202]   : 1251581989 → 170206467
S[2][203]: 493813264 → 1724789163
S[2][204]   : 448347421 → 739113825
S[2][205]: 195405023 → 1130805108
S[2][206]   : 2709975567 → 2552318280
S[2][207]: 677966185 → 508343116
S[2][208]   : 3703036547 → 797868510
S[2][209]: 1463355134 → 1544461995
S[2][210]   : 2715995803 → 2470285223
S[2][211]: 1338867538 → 482350386
S[2][212]   : 1343315457 → 1907499990
S[2][213]: 2802222074 → 3744391408
S[2][214]   : 2684532164 → 2914848197
S[2][215]: 233230375 → 3585083385
S[2][216]   : 2599980071 → 1092069346
S[2][217]: 2000651841 → 2977445380
S[2][218]   : 3277868038 → 1026040183
S[2][219]: 1638401717 → 1744230240
S[2][220]   : 4028070440 → 936847270
S[2][221]: 3237316320 → 1657696675
S[2][222]   : 6314154 → 348836113
S[2][223]: 819756386 → 838328810
S[2][224]   : 300326615 → 3798168949
S[2][225]: 590932579 → 2615261652
S[2][226]   : 1405279636 → 1929489856
S[2][227]: 3267499572 → 2543979824
S[2][228]   : 3150704214 → 3199291441
S[2][229]: 2428286686 → 703671
S[2][230]   : 3959192993 → 2795279640
S[2][231]: 3461946742 → 3626431533
S[2][232]   : 1862657033 → 2170416648
S[2][233]: 1266418056 → 188150765
S[2][234]   : 963775037 → 2643650553
S[2][235]: 2089974820 → 3267945829
S[2][236]   : 2263052895 → 2053221698
S[2][237]: 1917689273 → 378619887
S[2][238]   : 448879540 → 222760815
S[2][239]: 3550394620 → 3068108635
S[2][240]   : 3981727096 → 1517298
S[2][241]: 150775221 → 835099538
S[2][242]   : 3627908307 → 617549409
S[2][243]: 1303187396 → 3339036366
S[2][244]   : 508620638 → 3561401112
S[2][245]: 2975983352 → 1944586346
S[2][246]   : 2726630617 → 2171210098
S[2][247]: 1817252668 → 1201062670
S[2][248]   : 1876281319 → 2964007248
S[2][249]: 1457606340 → 4051814297
S[2][250]   : 908771278 → 845804532
S[2][251]: 3720792119 → 2285520073
S[2][252]   : 3617206836 → 539939475
S[2][253]: 2455994898 → 3112384504
S[2][254]   : 1729034894 → 1591230523
S[2][255]: 1080033504 → 1229316894
S[3][0]   : 976866871 → 1490587166
S[3][1]: 3556439503 → 1192871763
S[3][2]   : 2881648439 → 3506016553
S[3][3]: 1522871579 → 2455620637
S[3][4]   : 1555064734 → 290932089
S[3][5]: 1336096578 → 2213590937
S[3][6]   : 3548522304 → 2733838972
S[3][7]: 2579274686 → 3421891466
S[3][8]   : 3574697629 → 3823168556
S[3][9]: 3205460757 → 654445141
S[3][10]   : 3593280638 → 150950991
S[3][11]: 3338716283 → 1509899039
S[3][12]   : 3079412587 → 3473602603
S[3][13]: 564236357 → 3757402566
S[3][14]   : 2993598910 → 2849726107
S[3][15]: 1781952180 → 384917856
S[3][16]   : 1464380207 → 2176726694
S[3][17]: 3163844217 → 41474696
S[3][18]   : 3332601554 → 3609705848
S[3][19]: 1699332808 → 1991615721
S[3][20]   : 1393555694 → 3608428072
S[3][21]: 1183702653 → 3900298109
S[3][22]   : 3581086237 → 4135983325
S[3][23]: 1288719814 → 2315589042
S[3][24]   : 691649499 → 2208253417
S[3][25]: 2847557200 → 2332946867
S[3][26]   : 2895455976 → 1882539999
S[3][27]: 3193889540 → 700172966
S[3][28]   : 2717570544 → 537973651
S[3][29]: 1781354906 → 1584309506
S[3][30]   : 1676643554 → 4284460924
S[3][31]: 2592534050 → 4246291157
S[3][32]   : 3230253752 → 3134574084
S[3][33]: 1126444790 → 2873665637
S[3][34]   : 2770207658 → 3308387443
S[3][35]: 2633158820 → 3047382941
S[3][36]   : 2210423226 → 2984512108
S[3][37]: 2615765581 → 645806896
S[3][38]   : 2414155088 → 1693034393
S[3][39]: 3127139286 → 2762346178
S[3][40]   : 673620729 → 384890840
S[3][41]: 2805611233 → 2869997052
S[3][42]   : 1269405062 → 3041711751
S[3][43]: 4015350505 → 3521582253
S[3][44]   : 3341807571 → 4291763865
S[3][45]: 4149409754 → 3591547221
S[3][46]   : 1057255273 → 2535130020
S[3][47]: 2012875353 → 2392612516
S[3][48]   : 2162469141 → 799933132
S[3][49]: 2276492801 → 2549106715
S[3][50]   : 2601117357 → 4251379048
S[3][51]: 993977747 → 58528915
S[3][52]   : 3918593370 → 2433620783
S[3][53]: 2654263191 → 1710373805
S[3][54]   : 753973209 → 764237613
S[3][55]: 36408145 → 4143244433
S[3][56]   : 2530585658 → 4064369256
S[3][57]: 25011837 → 2450412363
S[3][58]   : 3520020182 → 2299791190
S[3][59]: 2088578344 → 1208698981
S[3][60]   : 530523599 → 2357046722
S[3][61]: 2918365339 → 2561009456
S[3][62]   : 1524020338 → 1006669274
S[3][63]: 1518925132 → 2939185936
S[3][64]   : 3760827505 → 282907000
S[3][65]: 3759777254 → 3320065992
S[3][66]   : 1202760957 → 491683295
S[3][67]: 3985898139 → 129835847
S[3][68]   : 3906192525 → 1979154116
S[3][69]: 674977740 → 824399222
S[3][70]   : 4174734889 → 2900691356
S[3][71]: 2031300136 → 3445147043
S[3][72]   : 2019492241 → 2826260971
S[3][73]: 3983892565 → 1892474617
S[3][74]   : 4153806404 → 416960620
S[3][75]: 3822280332 → 154330903
S[3][76]   : 352677332 → 2798980949
S[3][77]: 2297720250 → 165650282
S[3][78]   : 60907813 → 3061693656
S[3][79]: 90501309 → 3265688092
S[3][80]   : 3286998549 → 2562881369
S[3][81]: 1016092578 → 755289946
S[3][82]   : 2535922412 → 2269894338
S[3][83]: 2839152426 → 3263692297
S[3][84]   : 457141659 → 3583307447
S[3][85]: 509813237 → 1843262233
S[3][86]   : 4120667899 → 2738355667
S[3][87]: 652014361 → 3047951098
S[3][88]   : 1966332200 → 3247697567
S[3][89]: 2975202805 → 3716273382
S[3][90]   : 55981186 → 3046324634
S[3][91]: 2327461051 → 1192284888
S[3][92]   : 676427537 → 874269583
S[3][93]: 3255491064 → 2282916589
S[3][94]   : 2882294119 → 3976299559
S[3][95]: 3433927263 → 416704220
S[3][96]   : 1307055953 → 4017029455
S[3][97]: 942726286 → 542346358
S[3][98]   : 933058658 → 4133299832
S[3][99]: 2468411793 → 948258907
S[3][100]   : 3933900994 → 1661314526
S[3][101]: 4215176142 → 1270311145
S[3][102]   : 1361170020 → 3534067531
S[3][103]: 2001714738 → 4024243758
S[3][104]   : 2830558078 → 2351906339
S[3][105]: 3274259782 → 1894273085
S[3][106]   : 1222529897 → 893863830
S[3][107]: 1679025792 → 2417036407
S[3][108]   : 2729314320 → 964632751
S[3][109]: 3714953764 → 1463566727
S[3][110]   : 1770335741 → 2085155965
S[3][111]: 151462246 → 1225750646
S[3][112]   : 3013232138 → 4073114846
S[3][113]: 1682292957 → 1662571107
S[3][114]   : 1483529935 → 521852411
S[3][115]: 471910574 → 573256420
S[3][116]   : 1539241949 → 2176334620
S[3][117]: 458788160 → 2897968480
S[3][118]   : 3436315007 → 1699812905
S[3][119]: 1807016891 → 965816075
S[3][120]   : 3718408830 → 956237143
S[3][121]: 978976581 → 483475678
S[3][122]   : 1043663428 → 1683524642
S[3][123]: 3165965781 → 1586255661
S[3][124]   : 1927990952 → 363792058
S[3][125]: 4200891579 → 478274446
S[3][126]   : 2372276910 → 3942874611
S[3][127]: 3208408903 → 4243544230
S[3][128]   : 3533431907 → 2960282269
S[3][129]: 1412390302 → 651423365
S[3][130]   : 2931980059 → 1520107672
S[3][131]: 4132332400 → 1226001827
S[3][132]   : 1947078029 → 324275841
S[3][133]: 3881505623 → 4143940467
S[3][134]   : 4168226417 → 213555216
S[3][135]: 2941484381 → 2298504938
S[3][136]   : 1077988104 → 2028956365
S[3][137]: 1320477388 → 873485573
S[3][138]   : 886195818 → 1572072186
S[3][139]: 18198404 → 2950908048
S[3][140]   : 3786409000 → 2187244403
S[3][141]: 2509781533 → 3204764665
S[3][142]   : 112762804 → 2052501828
S[3][143]: 3463356488 → 3529313752
S[3][144]   : 1866414978 → 2188964708
S[3][145]: 891333506 → 1324796762
S[3][146]   : 18488651 → 1019678386
S[3][147]: 661792760 → 3574572516
S[3][148]   : 1628790961 → 3794407314
S[3][149]: 3885187036 → 4024284911
S[3][150]   : 3141171499 → 735855835
S[3][151]: 876946877 → 3843755162
S[3][152]   : 2693282273 → 2947604887
S[3][153]: 1372485963 → 2462161234
S[3][154]   : 791857591 → 2486618006
S[3][155]: 2686433993 → 944245238
S[3][156]   : 3759982718 → 2897955748
S[3][157]: 3167212022 → 2504907961
S[3][158]   : 3472953795 → 172589913
S[3][159]: 2716379847 → 2316335304
S[3][160]   : 445679433 → 4278557674
S[3][161]: 3561995674 → 46607738
S[3][162]   : 3504004811 → 2918037254
S[3][163]: 3574258232 → 3158073541
S[3][164]   : 54117162 → 2211871050
S[3][165]: 3331405415 → 3523518945
S[3][166]   : 2381918588 → 1711363029
S[3][167]: 3769707343 → 950220456
S[3][168]   : 4154350007 → 3915851550
S[3][169]: 1140177722 → 3902815478
S[3][170]   : 4074052095 → 1403465339
S[3][171]: 668550556 → 3760831975
S[3][172]   : 3214352940 → 4227598773
S[3][173]: 367459370 → 1377217860
S[3][174]   : 261225585 → 3878907138
S[3][175]: 2610173221 → 586734347
S[3][176]   : 4209349473 → 1471859933
S[3][177]: 3468074219 → 876940468
S[3][178]   : 3265815641 → 3485926480
S[3][179]: 314222801 → 3065319432
S[3][180]   : 3066103646 → 1796629628
S[3][181]: 3808782860 → 823149953
S[3][182]   : 282218597 → 1911904290
S[3][183]: 3406013506 → 1740174992
S[3][184]   : 3773591054 → 4115901044
S[3][185]: 379116347 → 260108469
S[3][186]   : 1285071038 → 1614948418
S[3][187]: 846784868 → 2866161759
S[3][188]   : 2669647154 → 1875559541
S[3][189]: 3771962079 → 292413879
S[3][190]   : 3550491691 → 1654870559
S[3][191]: 2305946142 → 3518186462
S[3][192]   : 453669953 → 1432116243
S[3][193]: 1268987020 → 1815152652
S[3][194]   : 3317592352 → 1347386490
S[3][195]: 3279303384 → 3405367840
S[3][196]   : 3744833421 → 1326308739
S[3][197]: 2610507566 → 850793522
S[3][198]   : 3859509063 → 3735102748
S[3][199]: 266596637 → 583467235
S[3][200]   : 3847019092 → 1658379713
S[3][201]: 517658769 → 969865952
S[3][202]   : 3462560207 → 2201342145
S[3][203]: 3443424879 → 111249811
S[3][204]   : 370717030 → 1104482606
S[3][205]: 4247526661 → 423711443
S[3][206]   : 2224018117 → 3949465646
S[3][207]: 4143653529 → 470815071
S[3][208]   : 4112773975 → 3747768994
S[3][209]: 2788324899 → 2257544951
S[3][210]   : 2477274417 → 1818556316
S[3][211]: 1456262402 → 3305690485
S[3][212]   : 2901442914 → 2355297383
S[3][213]: 1517677493 → 556465461
S[3][214]   : 1846949527 → 2016454930
S[3][215]: 2295493580 → 3110007973
S[3][216]   : 3734397586 → 1500525565
S[3][217]: 2176403920 → 1078837597
S[3][218]   : 1280348187 → 641457611
S[3][219]: 1908823572 → 3492156515
S[3][220]   : 3871786941 → 309290561
S[3][221]: 846861322 → 1130589118
S[3][222]   : 1172426758 → 2424219759
S[3][223]: 3287448474 → 2608113847
S[3][224]   : 3383383037 → 3716010343
S[3][225]: 1655181056 → 887672781
S[3][226]   : 3139813346 → 3765150299
S[3][227]: 901632758 → 2355795698
S[3][228]   : 1897031941 → 3607631128
S[3][229]: 2986607138 → 1654292337
S[3][230]   : 3066810236 → 3541283681
S[3][231]: 3447102507 → 323743111
S[3][232]   : 1393639104 → 3489061967
S[3][233]: 373351379 → 755908261
S[3][234]   : 950779232 → 1014524620
S[3][235]: 625454576 → 3655259195
S[3][236]   : 3124240540 → 50913147
S[3][237]: 4148612726 → 2961739343
S[3][238]   : 2007998917 → 845367692
S[3][239]: 544563296 → 196902560
S[3][240]   : 2244738638 → 3986869896
S[3][241]: 2330496472 → 2886396593
S[3][242]   : 2058025392 → 2037941716
S[3][243]: 1291430526 → 753793522
S[3][244]   : 424198748 → 1450716707
S[3][245]: 50039436 → 861670539
S[3][246]   : 29584100 → 1619981131
S[3][247]: 3605783033 → 1590763354
S[3][248]   : 2429876329 → 1195953697
S[3][249]: 2791104160 → 2636489820
S[3][250]   : 1057563949 → 182659035
S[3][251]: 3255363231 → 1077296874
S[3][252]   : 3075367218 → 3772701925
S[3][253]: 3463963227 → 4245232378
S[3][254]   : 1469046755 → 2805778919
S[3][255]: 985887462 → 898518343
=== Key Schedule Complete ===
