Ciphertext (Base64):
QXY3dc6Xbfw=

=== ENCRYPTION DETAILS ===
=== Encryption ===
Initial L=1147497839, R=67372036

-- Round 1 --
L after XOR P[0] = 2530714766 (0x96d7a48e)
bytes: a=150, b=215, c=164, d=142
S lookups:
  S0[a]=1307308620, S1[b]=4049148185, S2[c]=3778588031, S3[d]=2052501828
step1: 1307308620 + 4049148185 = 1061489509
step2: 1061489509 ^ 3778588031 = 3732776474
step3: 3732776474 + 2052501828 = 1490311006
R after XOR F = 1557156698 (0x5cd0535a)

-- Round 2 --
L after XOR P[1] = 249721024 (0x0ee270c0)
bytes: a=14, b=226, c=112, d=192
S lookups:
  S0[a]=2351268071, S1[b]=3414582311, S2[c]=2305456881, S3[d]=1432116243
step1: 2351268071 + 3414582311 = 1470883086
step2: 1470883086 ^ 2305456881 = 3737231359
step3: 3737231359 + 1432116243 = 874380306
R after XOR F = 2731169948 (0xa2ca589c)

-- Round 3 --
L after XOR P[2] = 2722005258 (0xa23e810a)
bytes: a=162, b=62, c=129, d=10
S lookups:
  S0[a]=2913329945, S1[b]=1967097936, S2[c]=1347526053, S3[d]=150950991
step1: 2913329945 + 1967097936 = 585460585
step2: 585460585 ^ 1347526053 = 1924462284
step3: 1924462284 + 150950991 = 2075413275
R after XOR F = 1968585691 (0x75563bdb)

-- Round 4 --
L after XOR P[3] = 1833613919 (0x6d4aba5f)
bytes: a=109, b=74, c=186, d=95
S lookups:
  S0[a]=3136513544, S1[b]=1673956896, S2[c]=3856535445, S3[d]=416704220
step1: 3136513544 + 1673956896 = 515503144
step2: 515503144 ^ 3856535445 = 4217895869
step3: 4217895869 + 416704220 = 339632793
R after XOR F = 3053511571 (0xb600e393)

-- Round 5 --
L after XOR P[4] = 638390439 (0x260d10a7)
bytes: a=38, b=13, c=16, d=167
S lookups:
  S0[a]=3085063017, S1[b]=4239941644, S2[c]=127328253, S3[d]=950220456
step1: 3085063017 + 4239941644 = 3030037365
step2: 3030037365 ^ 127328253 = 3003935880
step3: 3003935880 + 950220456 = 3954156336
R after XOR F = 2263161199 (0x86e5196f)

-- Round 6 --
L after XOR P[5] = 3037967301 (0xb513b3c5)
bytes: a=181, b=19, c=179, d=197
S lookups:
  S0[a]=4294806220, S1[b]=3727307020, S2[c]=1652618725, S3[d]=850793522
step1: 4294806220 + 3727307020 = 3727145944
step2: 3727145944 ^ 1652618725 = 3165081149
step3: 3165081149 + 850793522 = 4015874671
R after XOR F = 3377492680 (0xc95072c8)

-- Round 7 --
L after XOR P[6] = 2085027415 (0x7c46fe57)
bytes: a=124, b=70, c=254, d=87
S lookups:
  S0[a]=1119422092, S1[b]=1047634600, S2[c]=1591230523, S3[d]=3047951098
step1: 1119422092 + 1047634600 = 2167056692
step2: 2167056692 ^ 1591230523 = 3757238543
step3: 3757238543 + 3047951098 = 2510222345
R after XOR F = 546129868 (0x208d47cc)

-- Round 8 --
L after XOR P[7] = 1456862631 (0x56d5f5a7)
bytes: a=86, b=213, c=245, d=167
S lookups:
  S0[a]=2995844202, S1[b]=2429572073, S2[c]=1944586346, S3[d]=950220456
step1: 2995844202 + 2429572073 = 1130448979
step2: 1130448979 ^ 1944586346 = 814301241
step3: 814301241 + 950220456 = 1764521697
R after XOR F = 359303350 (0x156a88b6)

-- Round 9 --
L after XOR P[8] = 4173430654 (0xf8c17f7e)
bytes: a=248, b=193, c=127, d=126
S lookups:
  S0[a]=1859145531, S1[b]=3556434654, S2[c]=74357925, S3[d]=3942874611
step1: 1859145531 + 3556434654 = 1120612889
step2: 1120612889 ^ 74357925 = 1185263292
step3: 1185263292 + 3942874611 = 833170607
R after XOR F = 1736235272 (0x677cd908)

-- Round 10 --
L after XOR P[9] = 2539893898 (0x9763b48a)
bytes: a=151, b=99, c=180, d=138
S lookups:
  S0[a]=1079757376, S1[b]=2722142588, S2[c]=3907081775, S3[d]=1572072186
step1: 1079757376 + 2722142588 = 3801899964
step2: 3801899964 ^ 3907081775 = 175977875
step3: 175977875 + 1572072186 = 1748050061
R after XOR F = 2431672307 (0x90f05ff3)

-- Round 11 --
L after XOR P[10] = 1425882062 (0x54fd3bce)
bytes: a=84, b=253, c=59, d=206
S lookups:
  S0[a]=1327430669, S1[b]=4093715967, S2[c]=205576889, S3[d]=3949465646
step1: 1327430669 + 4093715967 = 1126179340
step2: 1126179340 ^ 205576889 = 1331755189
step3: 1331755189 + 3949465646 = 986253539
R after XOR F = 2913647721 (0xadaabc69)

-- Round 12 --
L after XOR P[11] = 211864902 (0x0ca0cd46)
bytes: a=12, b=160, c=205, d=70
S lookups:
  S0[a]=2673448510, S1[b]=3493410367, S2[c]=1130805108, S3[d]=2900691356
step1: 2673448510 + 3493410367 = 1871891581
step2: 1871891581 ^ 1130805108 = 754219785
step3: 754219785 + 2900691356 = 3654911141
R after XOR F = 2367995755 (0x8d24bf6b)

-- Round 13 --
L after XOR P[12] = 2498365270 (0x94ea0756)
bytes: a=148, b=234, c=7, d=86
S lookups:
  S0[a]=3912935349, S1[b]=2583176793, S2[c]=3805747689, S3[d]=2738355667
step1: 3912935349 + 2583176793 = 2201144846
step2: 2201144846 ^ 3805747689 = 1642452967
step3: 1642452967 + 2738355667 = 85841338
R after XOR F = 163387644 (0x09bd18fc)

-- Round 14 --
L after XOR P[13] = 1771804464 (0x699b9730)
bytes: a=105, b=155, c=151, d=48
S lookups:
  S0[a]=3218153360, S1[b]=477853296, S2[c]=3308181928, S3[d]=799933132
step1: 3218153360 + 477853296 = 3696006656
step2: 3696006656 ^ 3308181928 = 425873320
step3: 425873320 + 799933132 = 1225806452
R after XOR F = 3724170530 (0xddfa5522)

-- Round 15 --
L after XOR P[14] = 2478605493 (0x93bc84b5)
bytes: a=147, b=188, c=132, d=181
S lookups:
  S0[a]=3228693300, S1[b]=214946221, S2[c]=1148791321, S3[d]=823149953
step1: 3228693300 + 214946221 = 3443639521
step2: 3443639521 ^ 1148791321 = 2302209784
step3: 2302209784 + 823149953 = 3125359737
R after XOR F = 3553796937 (0xd3d2a349)

-- Round 16 --
L after XOR P[15] = 2678538430 (0x9fa740be)
bytes: a=159, b=167, c=64, d=190
S lookups:
  S0[a]=3305071929, S1[b]=672288759, S2[c]=1355471998, S3[d]=1654870559
step1: 3305071929 + 672288759 = 3977360688
step2: 3977360688 ^ 1355471998 = 3185273166
step3: 3185273166 + 1654870559 = 545176429
R after XOR F = 3015851992 (0xb3c23fd8)

Final L=1098266485, R=3466030588